<?xml version="1.0" encoding="UTF-8"?>
<!-- Generated by org.testng.reporters.JUnitReportReporter -->
<testsuite hostname="Bhagya" failures="0" tests="1" name="Home_Loan" time="0.000" errors="0" timestamp="2022-11-11T13:56:12 EST" skipped="0">
  <testcase classname="Home_Loan" name="MobileLoginHomeLoan" time="0.000"/>
  <system-out/>
</testsuite> <!-- Home_Loan -->
