<?xml version="1.0" encoding="UTF-8"?>
<!-- Generated by org.testng.reporters.JUnitReportReporter -->
<testsuite hostname="Bhagya" failures="0" tests="2" name="GroupingExample" time="0.000" errors="0" timestamp="2022-11-14T22:42:37 EST" skipped="0">
  <testcase classname="GroupingExample" name="test2" time="0.000"/>
  <system-out/>
  <testcase classname="GroupingExample" name="test1" time="0.000"/>
  <system-out/>
</testsuite> <!-- GroupingExample -->
