<?xml version="1.0" encoding="UTF-8"?>
<!-- Generated by org.testng.reporters.JUnitReportReporter -->
<testsuite hostname="Bhagya" failures="0" tests="1" name="Car_Loan" time="0.001" errors="0" timestamp="2022-11-11T13:56:12 EST" skipped="0">
  <testcase classname="Car_Loan" name="APILoginCarLoan" time="0.001"/>
  <system-out/>
</testsuite> <!-- Car_Loan -->
