<?xml version="1.0" encoding="UTF-8"?>
<!-- Generated by org.testng.reporters.JUnitReportReporter -->
<testsuite hostname="Bhagya" failures="0" tests="1" name="pomandpagefactory.SimpleTest" time="0.000" errors="0" timestamp="2022-11-22T18:47:57 EST" skipped="0">
  <testcase classname="pomandpagefactory.SimpleTest" name="testMethod" time="0.000"/>
  <system-out/>
</testsuite> <!-- pomandpagefactory.SimpleTest -->
