<?xml version="1.0" encoding="UTF-8"?>
<!-- Generated by org.testng.reporters.JUnitReportReporter -->
<testsuite hostname="Bhagya" failures="0" tests="3" name="Car_Loan" time="0.016" errors="0" timestamp="2022-11-14T19:30:15 EST" skipped="0">
  <testcase classname="Car_Loan" name="webLoginCarLoan" time="0.000"/>
  <system-out/>
  <testcase classname="Car_Loan" name="aPILoginCarLoan" time="0.016"/>
  <system-out/>
  <testcase classname="Car_Loan" name="mobileLoginCarLoan" time="0.000"/>
  <system-out/>
</testsuite> <!-- Car_Loan -->
