<?xml version="1.0" encoding="UTF-8"?>
<!-- Generated by org.testng.reporters.JUnitReportReporter -->
<testsuite hostname="Bhagya" failures="0" tests="3" name="FirstTestCase" time="0.000" errors="0" timestamp="2022-11-11T15:08:59 EST" skipped="0">
  <testcase classname="FirstTestCase" name="login" time="0.000"/>
  <system-out/>
  <testcase classname="FirstTestCase" name="teardown" time="0.000"/>
  <system-out/>
  <testcase classname="FirstTestCase" name="setup" time="0.000"/>
  <system-out/>
</testsuite> <!-- FirstTestCase -->
