<?xml version="1.0" encoding="UTF-8"?>
<!-- Generated by org.testng.reporters.JUnitReportReporter -->
<testsuite hostname="Bhagya" failures="0" tests="1" name="Personal_Loan" time="0.003" errors="0" timestamp="2022-11-11T13:56:12 EST" skipped="0">
  <testcase classname="Personal_Loan" name="WebLoginPersonalLoan" time="0.003"/>
  <system-out/>
</testsuite> <!-- Personal_Loan -->
