<?xml version="1.0" encoding="UTF-8"?>
<!-- Generated by org.testng.reporters.JUnitReportReporter -->
<testsuite hostname="Bhagya" failures="0" tests="5" name="RegularExpression" time="0.015" errors="0" timestamp="2022-11-11T16:56:43 EST" skipped="0">
  <testcase classname="RegularExpression" name="mobileLoginHomeLoan" time="0.000"/>
  <system-out/>
  <testcase classname="RegularExpression" name="mobileLoginPersonalLoan" time="0.015"/>
  <system-out/>
  <testcase classname="RegularExpression" name="WebLoginCarLoan" time="0.000"/>
  <system-out/>
  <testcase classname="RegularExpression" name="mobileLoginCarLoan" time="0.000"/>
  <system-out/>
  <testcase classname="RegularExpression" name="loginAPICarLoan" time="0.000"/>
  <system-out/>
</testsuite> <!-- RegularExpression -->
