<?xml version="1.0" encoding="UTF-8"?>
<!-- Generated by org.testng.reporters.JUnitReportReporter -->
<testsuite hostname="Bhagya" failures="0" tests="1" name="FirstTestCase" time="0.015" errors="0" timestamp="2022-11-11T10:44:13 EST" skipped="0">
  <testcase classname="FirstTestCase" name="login" time="0.015"/>
  <system-out/>
</testsuite> <!-- FirstTestCase -->
