<?xml version="1.0" encoding="UTF-8"?>
<!-- Generated by org.testng.reporters.JUnitReportReporter -->
<testsuite hostname="Bhagya" failures="0" tests="5" name="RegularExpression" time="0.353" errors="1" timestamp="2022-11-11T15:40:54 EST" skipped="0">
  <testcase classname="RegularExpression" name="mobileLoginHomeLoan" time="0.000"/>
  <system-out/>
  <testcase classname="RegularExpression" name="mobileLoginPersonalLoan" time="0.338">
    <error message="Method RegularExpression.mobileLoginPersonalLoan() didn&#039;t finish within the time-out 300" type="org.testng.internal.thread.ThreadTimeoutException">
      <![CDATA[org.testng.internal.thread.ThreadTimeoutException: Method RegularExpression.mobileLoginPersonalLoan() didn't finish within the time-out 300
at java.base@11.0.13/java.lang.Thread.sleep(Native Method)
at app//RegularExpression.mobileLoginPersonalLoan(RegularExpression.java:17)
at java.base@11.0.13/jdk.internal.reflect.NativeMethodAccessorImpl.invoke0(Native Method)
at java.base@11.0.13/jdk.internal.reflect.NativeMethodAccessorImpl.invoke(NativeMethodAccessorImpl.java:62)
at java.base@11.0.13/jdk.internal.reflect.DelegatingMethodAccessorImpl.invoke(DelegatingMethodAccessorImpl.java:43)
at java.base@11.0.13/java.lang.reflect.Method.invoke(Method.java:566)
at app//org.testng.internal.invokers.MethodInvocationHelper.invokeMethod(MethodInvocationHelper.java:135)
at app//org.testng.internal.invokers.InvokeMethodRunnable.runOne(InvokeMethodRunnable.java:44)
at app//org.testng.internal.invokers.InvokeMethodRunnable.call(InvokeMethodRunnable.java:72)
at app//org.testng.internal.invokers.InvokeMethodRunnable.call(InvokeMethodRunnable.java:10)
at java.base@11.0.13/java.util.concurrent.FutureTask.run(FutureTask.java:264)
at java.base@11.0.13/java.util.concurrent.ThreadPoolExecutor.runWorker(ThreadPoolExecutor.java:1128)
at java.base@11.0.13/java.util.concurrent.ThreadPoolExecutor$Worker.run(ThreadPoolExecutor.java:628)
at java.base@11.0.13/java.lang.Thread.run(Thread.java:834)
]]>
    </error>
  </testcase> <!-- mobileLoginPersonalLoan -->
  <system-out/>
  <testcase classname="RegularExpression" name="WebLoginCarLoan" time="0.000"/>
  <system-out/>
  <testcase classname="RegularExpression" name="mobileLoginCarLoan" time="0.000"/>
  <system-out/>
  <testcase classname="RegularExpression" name="loginAPICarLoan" time="0.015"/>
  <system-out/>
</testsuite> <!-- RegularExpression -->
