<?xml version="1.0" encoding="UTF-8"?>
<!-- Generated by org.testng.reporters.JUnitReportReporter -->
<testsuite hostname="Bhagya" failures="0" tests="3" name="RegularExpression" time="0.016" errors="0" timestamp="2022-11-11T14:19:21 EST" skipped="0">
  <testcase classname="RegularExpression" name="MobileLoginHomeLoan" time="0.000"/>
  <system-out/>
  <testcase classname="RegularExpression" name="MobileLoginCarLoan" time="0.016"/>
  <system-out/>
  <testcase classname="RegularExpression" name="MobileLoginPersonalLoan" time="0.000"/>
  <system-out/>
</testsuite> <!-- RegularExpression -->
