<?xml version="1.0" encoding="UTF-8"?>
<!-- Generated by org.testng.reporters.JUnitReportReporter -->
<testsuite hostname="Bhagya" failures="0" tests="3" name="Home_Loan" time="0.011" errors="0" timestamp="2022-11-14T19:28:07 EST" skipped="0">
  <testcase classname="Home_Loan" name="aPILoginHomeLoan" time="0.006"/>
  <system-out/>
  <testcase classname="Home_Loan" name="mobileLoginHomeLoan" time="0.005"/>
  <system-out/>
  <testcase classname="Home_Loan" name="webLoginHomeLoan" time="0.000"/>
  <system-out/>
</testsuite> <!-- Home_Loan -->
