<?xml version="1.0" encoding="UTF-8"?>
<!-- Generated by org.testng.reporters.JUnitReportReporter -->
<testsuite hostname="Bhagya" failures="0" tests="3" name="FirstTestCase" time="0.005" errors="0" timestamp="2022-11-22T18:47:57 EST" skipped="0">
  <testcase classname="FirstTestCase" name="login" time="0.002"/>
  <system-out/>
  <testcase classname="FirstTestCase" name="setup" time="0.002"/>
  <system-out/>
  <testcase classname="FirstTestCase" name="teardown" time="0.001"/>
  <system-out/>
</testsuite> <!-- FirstTestCase -->
