<?xml version="1.0" encoding="UTF-8"?>
<!-- Generated by org.testng.reporters.JUnitReportReporter -->
<testsuite hostname="Bhagya" failures="0" tests="3" name="Personal_Loan" time="0.015" errors="0" timestamp="2022-11-14T19:30:15 EST" skipped="0">
  <testcase classname="Personal_Loan" name="webLoginPersonalLoan" time="0.000"/>
  <system-out/>
  <testcase classname="Personal_Loan" name="mobileLoginPersonalLoan" time="0.000"/>
  <system-out/>
  <testcase classname="Personal_Loan" name="aPILoginPersonalLoan" time="0.015"/>
  <system-out/>
</testsuite> <!-- Personal_Loan -->
