<?xml version="1.0" encoding="UTF-8"?>
<!-- Generated by org.testng.reporters.JUnitReportReporter -->
<testsuite hostname="Bhagya" failures="0" tests="2" name="Annotations_2" time="0.015" errors="0" timestamp="2022-11-14T19:46:58 EST" skipped="0">
  <testcase classname="Annotations_2" name="test3" time="0.015"/>
  <system-out/>
  <testcase classname="Annotations_2" name="test4" time="0.000"/>
  <system-out/>
</testsuite> <!-- Annotations_2 -->
